[2026-07-01 12:27:42] Bills option not available
[2026-07-01 12:27:42] BILLS VALIDATION HANDLED
[2026-07-01 12:38:48] Bills option not available
[2026-07-01 12:38:48] BILLS VALIDATION HANDLED
[2026-07-01 13:34:51] Bills option not available
[2026-07-01 13:34:51] BILLS HANDLED
[2026-07-01 13:37:49] Bills option not available
[2026-07-01 13:37:49] BILLS HANDLED
[2026-07-01 13:37:55] Bills option not available
[2026-07-01 13:37:55] BILLS VALIDATION HANDLED
[2026-07-01 14:35:34] Bills option not available
[2026-07-01 14:35:34] BILLS HANDLED
[2026-07-01 14:35:42] Bills option not available
[2026-07-01 14:35:42] BILLS VALIDATION HANDLED
[2026-07-01 14:35:53] Credits option not available
[2026-07-01 14:35:53] CREDITS HANDLED
[2026-07-01 14:36:03] Credits screen content not available in current app state
[2026-07-01 14:36:03] CREDITS VALIDATION HANDLED
[2026-07-01 14:42:26] Profile option not available
[2026-07-01 14:42:26] OWNER PROFILE HANDLED
[2026-07-01 14:47:53] OWNER PROFILE OPENED
[2026-07-01 14:47:53] OWNER PROFILE TEST PASSED
[2026-07-02 11:15:50] Bills option not available
[2026-07-02 11:15:50] BILLS HANDLED
[2026-07-02 11:15:58] Bills option not available
[2026-07-02 11:15:58] BILLS VALIDATION HANDLED
[2026-07-02 11:16:09] Credits option not available
[2026-07-02 11:16:09] CREDITS HANDLED
[2026-07-02 11:16:20] Credits screen content not available in current app state
[2026-07-02 11:16:20] CREDITS VALIDATION HANDLED
[2026-07-02 11:16:37] Profile option not available
[2026-07-02 11:16:37] OWNER PROFILE HANDLED
[2026-07-02 11:26:32] Owner Contact Information not available
[2026-07-02 11:26:32] OWNER CONTACT INFORMATION HANDLED
[2026-07-02 11:26:43] Profile option not available
[2026-07-02 11:26:43] OWNER PROFILE HANDLED
[2026-07-02 11:32:12] Bills option not available
[2026-07-02 11:32:12] BILLS HANDLED
[2026-07-02 11:32:20] Bills option not available
[2026-07-02 11:32:20] BILLS VALIDATION HANDLED
[2026-07-02 11:33:20] Credits option not available
[2026-07-02 11:33:20] CREDITS HANDLED
[2026-07-02 11:33:30] Credits screen content not available in current app state
[2026-07-02 11:33:30] CREDITS VALIDATION HANDLED
[2026-07-02 11:34:55] Owner Contact Information not available
[2026-07-02 11:34:55] OWNER CONTACT INFORMATION HANDLED
[2026-07-02 11:35:06] Profile option not available
[2026-07-02 11:35:06] OWNER PROFILE HANDLED
